<?xml version="1.0" encoding="UTF-8" ?>
<testsuite errors="0" failures="0" hostname="laurent-PC" name="com.misteroo.module2.renderer.HtmlRendererTest" tests="1" time="0.0" timestamp="2012-02-19T19:13:38">
  <properties>
    <property name="java.vendor" value="Sun Microsystems Inc." />
    <property name="sun.java.launcher" value="SUN_STANDARD" />
    <property name="eclipse.pdebuild.templates" value="/C:/Program Files/eclipse/plugins/org.eclipse.pde.build_3.6.2.R36x_20110203/templates/" />
    <property name="sun.management.compiler" value="HotSpot Client Compiler" />
    <property name="os.name" value="Windows 7" />
    <property name="sun.boot.class.path" value="D:\tools\jdk1.6.0_25\jre\lib\resources.jar;D:\tools\jdk1.6.0_25\jre\lib\rt.jar;D:\tools\jdk1.6.0_25\jre\lib\sunrsasign.jar;D:\tools\jdk1.6.0_25\jre\lib\jsse.jar;D:\tools\jdk1.6.0_25\jre\lib\jce.jar;D:\tools\jdk1.6.0_25\jre\lib\charsets.jar;D:\tools\jdk1.6.0_25\jre\lib\modules\jdk.boot.jar;D:\tools\jdk1.6.0_25\jre\classes" />
    <property name="javac.target" value="1.6" />
    <property name="sun.desktop" value="windows" />
    <property name="java.vm.specification.vendor" value="Sun Microsystems Inc." />
    <property name="ant.home" value="C:\Program Files\eclipse\plugins\org.apache.ant_1.7.1.v20100518-1145" />
    <property name="java.runtime.version" value="1.6.0_25-b06" />
    <property name="user.name" value="laurent" />
    <property name="build.dir" value="build" />
    <property name="user.language" value="fr" />
    <property name="sun.boot.library.path" value="D:\tools\jdk1.6.0_25\jre\bin" />
    <property name="ant.project.name" value="module0" />
    <property name="java.version" value="1.6.0_25" />
    <property name="user.timezone" value="" />
    <property name="sun.arch.data.model" value="32" />
    <property name="myclasspath" value="C:\Users\laurent\repos\repo-test\module1\lib\junit-4.5.jar;C:\Users\laurent\repos\repo-test\module0\build\module1.jar;C:\Users\laurent\repos\repo-test\module0\build\module2.jar;C:\Users\laurent\repos\repo-test\module0\classes\test" />
    <property name="java.endorsed.dirs" value="D:\tools\jdk1.6.0_25\jre\lib\endorsed" />
    <property name="sun.cpu.isalist" value="pentium_pro+mmx pentium_pro pentium+mmx pentium i486 i386 i86" />
    <property name="sun.jnu.encoding" value="Cp1252" />
    <property name="file.encoding.pkg" value="sun.io" />
    <property name="file.separator" value="\" />
    <property name="java.specification.name" value="Java Platform API Specification" />
    <property name="classes.dir" value="classes" />
    <property name="java.class.version" value="50.0" />
    <property name="user.country" value="FR" />
    <property name="java.home" value="D:\tools\jdk1.6.0_25\jre" />
    <property name="ant.file.module0" value="C:\Users\laurent\repos\repo-test\module0\build.xml" />
    <property name="java.vm.info" value="mixed mode, sharing" />
    <property name="ant.file" value="C:\Users\laurent\repos\repo-test\module0\build.xml" />
    <property name="os.version" value="6.1" />
    <property name="javac.source" value="1.6" />
    <property name="classes.test.dir" value="classes/test" />
    <property name="path.separator" value=";" />
    <property name="java.vm.version" value="20.0-b11" />
    <property name="user.variant" value="" />
    <property name="ant.library.dir" value="C:\Program Files\eclipse\plugins\org.apache.ant_1.7.1.v20100518-1145\lib" />
    <property name="java.awt.printerjob" value="sun.awt.windows.WPrinterJob" />
    <property name="sun.io.unicode.encoding" value="UnicodeLittle" />
    <property name="awt.toolkit" value="sun.awt.windows.WToolkit" />
    <property name="eclipse.pdebuild.scripts" value="/C:/Program Files/eclipse/plugins/org.eclipse.pde.build_3.6.2.R36x_20110203/scripts/" />
    <property name="user.home" value="C:\Users\laurent" />
    <property name="java.specification.vendor" value="Sun Microsystems Inc." />
    <property name="java.library.path" value="D:\tools\jdk1.6.0_25\bin;.;C:\windows\Sun\Java\bin;C:\windows\system32;C:\windows;C:\windows\system32;C:\windows;C:\windows\system32\wbem;C:\oraclexe\app\oracle\product\10.2.0\server\bin;C:\Program Files\Common Files\Microsoft Shared\Windows Live;C:\Program Files (x86)\Common Files\Microsoft Shared\Windows Live;C:\windows\System32\WindowsPowerShell\v1.0;C:\Program Files (x86)\Windows Live\Shared;C:\Program Files\Internet Explorer;D:\tools\jdk1.6.0_25\bin;C:\maven\apache-maven-2.2.1\bin;D:\tools\apache-ant-1.7.1\bin;C:\Program Files (x86)\Satsuki Decoder Pack\filtres;D:\tools\play-1.2.4;C:\Users\laurent\.eclipse\org.eclipse.platform_3.6.1_1709980481\configuration\org.eclipse.osgi\bundles\559\1\.cp" />
    <property name="java.vendor.url" value="http://java.sun.com/" />
    <property name="javac.path" value="D:/tools/jdk1.6.0_25/bin/javac" />
    <property name="data.dir" value="data" />
    <property name="java.vm.vendor" value="Sun Microsystems Inc." />
    <property name="java.runtime.name" value="Java(TM) SE Runtime Environment" />
    <property name="sun.java.command" value="org.eclipse.ant.internal.launching.remote.InternalAntRunner -Dorg.eclipse.ant.core.ANT_PROCESS_ID=1329678815266 -Declipse.connect.port=53725 -Declipse.pdebuild.home=/C:/Program Files/eclipse/plugins/org.eclipse.pde.build_3.6.2.R36x_20110203/./ -Declipse.pdebuild.scripts=/C:/Program Files/eclipse/plugins/org.eclipse.pde.build_3.6.2.R36x_20110203/scripts/ -Declipse.pdebuild.templates=/C:/Program Files/eclipse/plugins/org.eclipse.pde.build_3.6.2.R36x_20110203/templates/ -Dant.home=C:\Program Files\eclipse\plugins\org.apache.ant_1.7.1.v20100518-1145 -logger org.eclipse.ant.internal.launching.remote.logger.RemoteAntBuildLogger -inputhandler org.eclipse.ant.internal.ui.antsupport.inputhandler.ProxyInputHandler -buildfile C:\Users\laurent\repos\repo-test\module0\build.xml dependencies" />
    <property name="java.class.path" value="C:\Program Files\eclipse\plugins\org.apache.ant_1.7.1.v20100518-1145\lib\ant.jar;C:\Program Files\eclipse\plugins\org.apache.ant_1.7.1.v20100518-1145\lib\ant-antlr.jar;C:\Program Files\eclipse\plugins\org.apache.ant_1.7.1.v20100518-1145\lib\ant-apache-bcel.jar;C:\Program Files\eclipse\plugins\org.apache.ant_1.7.1.v20100518-1145\lib\ant-apache-bsf.jar;C:\Program Files\eclipse\plugins\org.apache.ant_1.7.1.v20100518-1145\lib\ant-apache-log4j.jar;C:\Program Files\eclipse\plugins\org.apache.ant_1.7.1.v20100518-1145\lib\ant-apache-oro.jar;C:\Program Files\eclipse\plugins\org.apache.ant_1.7.1.v20100518-1145\lib\ant-apache-regexp.jar;C:\Program Files\eclipse\plugins\org.apache.ant_1.7.1.v20100518-1145\lib\ant-apache-resolver.jar;C:\Program Files\eclipse\plugins\org.apache.ant_1.7.1.v20100518-1145\lib\ant-commons-logging.jar;C:\Program Files\eclipse\plugins\org.apache.ant_1.7.1.v20100518-1145\lib\ant-commons-net.jar;C:\Program Files\eclipse\plugins\org.apache.ant_1.7.1.v20100518-1145\lib\ant-jai.jar;C:\Program Files\eclipse\plugins\org.apache.ant_1.7.1.v20100518-1145\lib\ant-javamail.jar;C:\Program Files\eclipse\plugins\org.apache.ant_1.7.1.v20100518-1145\lib\ant-jdepend.jar;C:\Program Files\eclipse\plugins\org.apache.ant_1.7.1.v20100518-1145\lib\ant-jmf.jar;C:\Program Files\eclipse\plugins\org.apache.ant_1.7.1.v20100518-1145\lib\ant-jsch.jar;C:\Program Files\eclipse\plugins\org.apache.ant_1.7.1.v20100518-1145\lib\ant-junit.jar;C:\Program Files\eclipse\plugins\org.apache.ant_1.7.1.v20100518-1145\lib\ant-launcher.jar;C:\Program Files\eclipse\plugins\org.apache.ant_1.7.1.v20100518-1145\lib\ant-netrexx.jar;C:\Program Files\eclipse\plugins\org.apache.ant_1.7.1.v20100518-1145\lib\ant-nodeps.jar;C:\Program Files\eclipse\plugins\org.apache.ant_1.7.1.v20100518-1145\lib\ant-starteam.jar;C:\Program Files\eclipse\plugins\org.apache.ant_1.7.1.v20100518-1145\lib\ant-stylebook.jar;C:\Program Files\eclipse\plugins\org.apache.ant_1.7.1.v20100518-1145\lib\ant-swing.jar;C:\Program Files\eclipse\plugins\org.apache.ant_1.7.1.v20100518-1145\lib\ant-trax.jar;C:\Program Files\eclipse\plugins\org.apache.ant_1.7.1.v20100518-1145\lib\ant-weblogic.jar;C:\Users\laurent\.eclipse\org.eclipse.platform_3.6.1_1709980481\configuration\org.eclipse.osgi\bundles\46\1\.cp\lib\antdebug.jar;C:\Users\laurent\.eclipse\org.eclipse.platform_3.6.1_1709980481\configuration\org.eclipse.osgi\bundles\46\1\.cp\lib\remote.jar;C:\Users\laurent\.eclipse\org.eclipse.platform_3.6.1_1709980481\configuration\org.eclipse.osgi\bundles\47\1\.cp\lib\remoteAnt.jar;D:\tools\jdk1.6.0_25\lib\tools.jar;D:\tools\apache-ant-1.7.1\lib\ant-contrib-1.0b3.jar;C:\Program Files\eclipse\plugins\org.eclipse.swt.win32.win32.x86_3.6.2.v3659c.jar" />
    <property name="ant.version" value="Apache Ant version 1.7.1 compiled on June 27 2008" />
    <property name="java.vm.specification.name" value="Java Virtual Machine Specification" />
    <property name="module.dir" value="module1" />
    <property name="java.vm.specification.version" value="1.0" />
    <property name="sun.cpu.endian" value="little" />
    <property name="sun.os.patch.level" value="Service Pack 1" />
    <property name="eclipse.pdebuild.home" value="/C:/Program Files/eclipse/plugins/org.eclipse.pde.build_3.6.2.R36x_20110203/./" />
    <property name="java.io.tmpdir" value="C:\Users\laurent\AppData\Local\Temp\" />
    <property name="java.vendor.url.bug" value="http://java.sun.com/cgi-bin/bugreport.cgi" />
    <property name="os.arch" value="x86" />
    <property name="java.awt.graphicsenv" value="sun.awt.Win32GraphicsEnvironment" />
    <property name="java.ext.dirs" value="D:\tools\jdk1.6.0_25\jre\lib\ext;C:\windows\Sun\Java\lib\ext" />
    <property name="user.dir" value="C:\Users\laurent\repos\repo-test\module0" />
    <property name="line.separator" value="
" />
    <property name="java.vm.name" value="Java HotSpot(TM) Client VM" />
    <property name="basedir" value="C:\Users\laurent\repos\repo-test\module0" />
    <property name="data.test.dir" value="data/test" />
    <property name="ant.java.version" value="1.6" />
    <property name="ant.core.lib" value="C:\Program Files\eclipse\plugins\org.apache.ant_1.7.1.v20100518-1145\lib\ant.jar" />
    <property name="file.encoding" value="Cp1252" />
    <property name="java.specification.version" value="1.6" />
  </properties>
  <testcase classname="com.misteroo.module2.renderer.HtmlRendererTest" name="should_html_renderer" time="0.0" />
  <system-out><![CDATA[]]></system-out>
  <system-err><![CDATA[]]></system-err>
</testsuite>
